c:\users\user\desktop\c++projects\voxelengine_v2\voxelengine_v2\x64\debug\voxelengine_v2.pch
c:\users\user\desktop\c++projects\voxelengine_v2\voxelengine_v2\x64\debug\vc141.pdb
c:\users\user\desktop\c++projects\voxelengine_v2\voxelengine_v2\x64\debug\vc141.idb
c:\users\user\desktop\c++projects\voxelengine_v2\voxelengine_v2\x64\debug\precompiled.obj
c:\users\user\desktop\c++projects\voxelengine_v2\voxelengine_v2\x64\debug\vector4.obj
c:\users\user\desktop\c++projects\voxelengine_v2\voxelengine_v2\x64\debug\vector3.obj
c:\users\user\desktop\c++projects\voxelengine_v2\voxelengine_v2\x64\debug\vector2.obj
c:\users\user\desktop\c++projects\voxelengine_v2\voxelengine_v2\x64\debug\transform.obj
c:\users\user\desktop\c++projects\voxelengine_v2\voxelengine_v2\x64\debug\rotation.obj
c:\users\user\desktop\c++projects\voxelengine_v2\voxelengine_v2\x64\debug\quaternion.obj
c:\users\user\desktop\c++projects\voxelengine_v2\voxelengine_v2\x64\debug\matrixstack.obj
c:\users\user\desktop\c++projects\voxelengine_v2\voxelengine_v2\x64\debug\matrix4x4.obj
c:\users\user\desktop\c++projects\voxelengine_v2\voxelengine_v2\x64\debug\matrix3x3.obj
c:\users\user\desktop\c++projects\voxelengine_v2\voxelengine_v2\x64\debug\matrix2x2.obj
c:\users\user\desktop\c++projects\voxelengine_v2\voxelengine_v2\x64\debug\color.obj
c:\users\user\desktop\c++projects\voxelengine_v2\voxelengine_v2\x64\debug\camera.obj
c:\users\user\desktop\c++projects\voxelengine_v2\voxelengine_v2\x64\debug\scene.obj
c:\users\user\desktop\c++projects\voxelengine_v2\voxelengine_v2\x64\debug\loader.obj
c:\users\user\desktop\c++projects\voxelengine_v2\voxelengine_v2\x64\debug\texture.obj
c:\users\user\desktop\c++projects\voxelengine_v2\voxelengine_v2\x64\debug\geometry.obj
c:\users\user\desktop\c++projects\voxelengine_v2\voxelengine_v2\x64\debug\framebufferobject.obj
c:\users\user\desktop\c++projects\voxelengine_v2\voxelengine_v2\x64\debug\meshrenderer.obj
c:\users\user\desktop\c++projects\voxelengine_v2\voxelengine_v2\x64\debug\entity.obj
c:\users\user\desktop\c++projects\voxelengine_v2\voxelengine_v2\x64\debug\mathcore.obj
c:\users\user\desktop\c++projects\voxelengine_v2\voxelengine_v2\x64\debug\window.obj
c:\users\user\desktop\c++projects\voxelengine_v2\voxelengine_v2\x64\debug\glfwutil.obj
c:\users\user\desktop\c++projects\voxelengine_v2\voxelengine_v2\x64\debug\glfwcallbacks.obj
c:\users\user\desktop\c++projects\voxelengine_v2\voxelengine_v2\x64\debug\stringutil.obj
c:\users\user\desktop\c++projects\voxelengine_v2\voxelengine_v2\x64\debug\uniform.obj
c:\users\user\desktop\c++projects\voxelengine_v2\voxelengine_v2\x64\debug\shader.obj
c:\users\user\desktop\c++projects\voxelengine_v2\voxelengine_v2\x64\debug\mesh.obj
c:\users\user\desktop\c++projects\voxelengine_v2\voxelengine_v2\x64\debug\main.obj
c:\users\user\desktop\c++projects\voxelengine_v2\voxelengine_v2\x64\debug\glutil.obj
c:\users\user\desktop\c++projects\voxelengine_v2\voxelengine_v2\x64\debug\gl3w.obj
c:\users\user\desktop\c++projects\voxelengine_v2\x64\debug\voxelengine_v2.ilk
c:\users\user\desktop\c++projects\voxelengine_v2\x64\debug\voxelengine_v2.exe
c:\users\user\desktop\c++projects\voxelengine_v2\x64\debug\voxelengine_v2.pdb
c:\users\user\desktop\c++projects\voxelengine_v2\voxelengine_v2\x64\debug\voxelengine_v2.tlog\cl.command.1.tlog
c:\users\user\desktop\c++projects\voxelengine_v2\voxelengine_v2\x64\debug\voxelengine_v2.tlog\cl.read.1.tlog
c:\users\user\desktop\c++projects\voxelengine_v2\voxelengine_v2\x64\debug\voxelengine_v2.tlog\cl.write.1.tlog
c:\users\user\desktop\c++projects\voxelengine_v2\voxelengine_v2\x64\debug\voxelengine_v2.tlog\link.command.1.tlog
c:\users\user\desktop\c++projects\voxelengine_v2\voxelengine_v2\x64\debug\voxelengine_v2.tlog\link.read.1.tlog
c:\users\user\desktop\c++projects\voxelengine_v2\voxelengine_v2\x64\debug\voxelengine_v2.tlog\link.write.1.tlog
